[2025-04-09T07:21:08.604-0500] {manager.py:483} INFO - Processing files using up to 1 processes at a time 
[2025-04-09T07:21:08.605-0500] {manager.py:484} INFO - Process each file at most once every 30 seconds
[2025-04-09T07:21:08.606-0500] {manager.py:485} INFO - Checking for new files in /home/edwards/Documentos/university/etl/project_linux_repo/LinkedIn-Jobs-Posting/dags every 300 seconds
[2025-04-09T07:21:08.613-0500] {manager.py:821} INFO - Searching for files in /home/edwards/Documentos/university/etl/project_linux_repo/LinkedIn-Jobs-Posting/dags
[2025-04-09T07:21:08.622-0500] {manager.py:824} INFO - There are 3 files in /home/edwards/Documentos/university/etl/project_linux_repo/LinkedIn-Jobs-Posting/dags
[2025-04-09T07:21:10.905-0500] {manager.py:997} INFO - 
================================================================================
DAG File Processing Stats

File Path                                                                                                        PID    Runtime      # DAGs    # Errors  Last Runtime    Last Run               Last # of DB Queries
---------------------------------------------------------------------------------------------------------------  -----  ---------  --------  ----------  --------------  -------------------  ----------------------
/home/edwards/Documentos/university/etl/project_linux_repo/LinkedIn-Jobs-Posting/dags/etl_process.py                                      1           0  2.12s           2025-04-09T12:21:10                      43
/home/edwards/Documentos/university/etl/project_linux_repo/LinkedIn-Jobs-Posting/dags/task/dimensional_model.py                           0           0                                                            0
/home/edwards/Documentos/university/etl/project_linux_repo/LinkedIn-Jobs-Posting/dags/task/cleaned.py                                     0           0                                                            0
================================================================================
[2025-04-09T07:21:42.457-0500] {manager.py:997} INFO - 
================================================================================
DAG File Processing Stats

File Path                                                                                                        PID    Runtime      # DAGs    # Errors  Last Runtime    Last Run               Last # of DB Queries
---------------------------------------------------------------------------------------------------------------  -----  ---------  --------  ----------  --------------  -------------------  ----------------------
/home/edwards/Documentos/university/etl/project_linux_repo/LinkedIn-Jobs-Posting/dags/task/cleaned.py                                     0           0  1.49s           2025-04-09T12:21:15                       3
/home/edwards/Documentos/university/etl/project_linux_repo/LinkedIn-Jobs-Posting/dags/task/dimensional_model.py                           0           0  1.22s           2025-04-09T12:21:13                       3
/home/edwards/Documentos/university/etl/project_linux_repo/LinkedIn-Jobs-Posting/dags/etl_process.py                                      1           0  0.83s           2025-04-09T12:21:42                      10
================================================================================
[2025-04-09T07:22:13.207-0500] {manager.py:997} INFO - 
================================================================================
DAG File Processing Stats

File Path                                                                                                        PID    Runtime      # DAGs    # Errors  Last Runtime    Last Run               Last # of DB Queries
---------------------------------------------------------------------------------------------------------------  -----  ---------  --------  ----------  --------------  -------------------  ----------------------
/home/edwards/Documentos/university/etl/project_linux_repo/LinkedIn-Jobs-Posting/dags/task/cleaned.py                                     0           0  0.82s           2025-04-09T12:21:48                       3
/home/edwards/Documentos/university/etl/project_linux_repo/LinkedIn-Jobs-Posting/dags/etl_process.py                                      1           0  0.62s           2025-04-09T12:22:13                      10
/home/edwards/Documentos/university/etl/project_linux_repo/LinkedIn-Jobs-Posting/dags/task/dimensional_model.py                           0           0  0.61s           2025-04-09T12:21:46                       3
================================================================================
[2025-04-09T07:22:44.588-0500] {manager.py:997} INFO - 
================================================================================
DAG File Processing Stats

File Path                                                                                                        PID    Runtime      # DAGs    # Errors  Last Runtime    Last Run               Last # of DB Queries
---------------------------------------------------------------------------------------------------------------  -----  ---------  --------  ----------  --------------  -------------------  ----------------------
/home/edwards/Documentos/university/etl/project_linux_repo/LinkedIn-Jobs-Posting/dags/etl_process.py                                      1           0  0.65s           2025-04-09T12:22:44                      10
/home/edwards/Documentos/university/etl/project_linux_repo/LinkedIn-Jobs-Posting/dags/task/cleaned.py                                     0           0  0.61s           2025-04-09T12:22:19                       3
/home/edwards/Documentos/university/etl/project_linux_repo/LinkedIn-Jobs-Posting/dags/task/dimensional_model.py                           0           0  0.61s           2025-04-09T12:22:18                       3
================================================================================
[2025-04-09T07:23:18.769-0500] {manager.py:997} INFO - 
================================================================================
DAG File Processing Stats

File Path                                                                                                        PID    Runtime      # DAGs    # Errors  Last Runtime    Last Run               Last # of DB Queries
---------------------------------------------------------------------------------------------------------------  -----  ---------  --------  ----------  --------------  -------------------  ----------------------
/home/edwards/Documentos/university/etl/project_linux_repo/LinkedIn-Jobs-Posting/dags/etl_process.py                                      1           0  0.71s           2025-04-09T12:23:18                      10
/home/edwards/Documentos/university/etl/project_linux_repo/LinkedIn-Jobs-Posting/dags/task/cleaned.py                                     0           0  0.71s           2025-04-09T12:22:50                       3
/home/edwards/Documentos/university/etl/project_linux_repo/LinkedIn-Jobs-Posting/dags/task/dimensional_model.py                           0           0  0.61s           2025-04-09T12:22:49                       3
================================================================================
[2025-04-09T07:24:23.502-0500] {manager.py:997} INFO - 
================================================================================
DAG File Processing Stats

File Path                                                                                                        PID    Runtime      # DAGs    # Errors  Last Runtime    Last Run               Last # of DB Queries
---------------------------------------------------------------------------------------------------------------  -----  ---------  --------  ----------  --------------  -------------------  ----------------------
/home/edwards/Documentos/university/etl/project_linux_repo/LinkedIn-Jobs-Posting/dags/task/dimensional_model.py                           0           0  0.85s           2025-04-09T12:23:23                       3
/home/edwards/Documentos/university/etl/project_linux_repo/LinkedIn-Jobs-Posting/dags/etl_process.py                                      1           0  0.71s           2025-04-09T12:24:23                      10
/home/edwards/Documentos/university/etl/project_linux_repo/LinkedIn-Jobs-Posting/dags/task/cleaned.py                                     0           0  0.61s           2025-04-09T12:23:27                       3
================================================================================
[2025-04-09T07:24:54.922-0500] {manager.py:997} INFO - 
================================================================================
DAG File Processing Stats

File Path                                                                                                        PID    Runtime      # DAGs    # Errors  Last Runtime    Last Run               Last # of DB Queries
---------------------------------------------------------------------------------------------------------------  -----  ---------  --------  ----------  --------------  -------------------  ----------------------
/home/edwards/Documentos/university/etl/project_linux_repo/LinkedIn-Jobs-Posting/dags/task/dimensional_model.py                           0           0  0.82s           2025-04-09T12:24:25                       3
/home/edwards/Documentos/university/etl/project_linux_repo/LinkedIn-Jobs-Posting/dags/etl_process.py                                      1           0  0.72s           2025-04-09T12:24:54                      10
/home/edwards/Documentos/university/etl/project_linux_repo/LinkedIn-Jobs-Posting/dags/task/cleaned.py                                     0           0  0.61s           2025-04-09T12:24:27                       3
================================================================================
[2025-04-09T07:24:57.381-0500] {manager.py:465} INFO - Exiting gracefully upon receiving signal 15
