[2025-04-09T07:23:17.120-0500] {local_task_job_runner.py:123} INFO - ::group::Pre task execution logs
[2025-04-09T07:23:17.130-0500] {taskinstance.py:2614} INFO - Dependencies all met for dep_context=non-requeueable deps ti=<TaskInstance: etl_kaggle_to_postgres_conditional_load.create_postgres_schemas manual__2025-04-09T12:23:13.289942+00:00 [queued]>
[2025-04-09T07:23:17.136-0500] {taskinstance.py:2614} INFO - Dependencies all met for dep_context=requeueable deps ti=<TaskInstance: etl_kaggle_to_postgres_conditional_load.create_postgres_schemas manual__2025-04-09T12:23:13.289942+00:00 [queued]>
[2025-04-09T07:23:17.137-0500] {taskinstance.py:2867} INFO - Starting attempt 1 of 1
[2025-04-09T07:23:17.149-0500] {taskinstance.py:2890} INFO - Executing <Task(_PythonDecoratedOperator): create_postgres_schemas> on 2025-04-09 12:23:13.289942+00:00
[2025-04-09T07:23:17.158-0500] {standard_task_runner.py:72} INFO - Started process 50415 to run task
[2025-04-09T07:23:17.165-0500] {standard_task_runner.py:104} INFO - Running: ['airflow', 'tasks', 'run', 'etl_kaggle_to_postgres_conditional_load', 'create_postgres_schemas', 'manual__2025-04-09T12:23:13.289942+00:00', '--job-id', '4', '--raw', '--subdir', 'DAGS_FOLDER/etl_process.py', '--cfg-path', '/tmp/tmpu3148raz']
[2025-04-09T07:23:17.169-0500] {standard_task_runner.py:105} INFO - Job 4: Subtask create_postgres_schemas
[2025-04-09T07:23:17.212-0500] {task_command.py:467} INFO - Running <TaskInstance: etl_kaggle_to_postgres_conditional_load.create_postgres_schemas manual__2025-04-09T12:23:13.289942+00:00 [running]> on host edwards-HP-Laptop-14-dk1xxx
[2025-04-09T07:23:17.270-0500] {taskinstance.py:3134} INFO - Exporting env vars: AIRFLOW_CTX_DAG_OWNER='airflow' AIRFLOW_CTX_DAG_ID='etl_kaggle_to_postgres_conditional_load' AIRFLOW_CTX_TASK_ID='create_postgres_schemas' AIRFLOW_CTX_EXECUTION_DATE='2025-04-09T12:23:13.289942+00:00' AIRFLOW_CTX_TRY_NUMBER='1' AIRFLOW_CTX_DAG_RUN_ID='manual__2025-04-09T12:23:13.289942+00:00'
[2025-04-09T07:23:17.271-0500] {taskinstance.py:732} INFO - ::endgroup::
[2025-04-09T07:23:17.273-0500] {extract.py:15} INFO - Starting task: create_postgres_schemas
[2025-04-09T07:23:17.279-0500] {base.py:84} INFO - Retrieving connection 'project_etl'
[2025-04-09T07:23:17.296-0500] {extract.py:21} INFO - Creating schema: raw (if not exists)
[2025-04-09T07:23:17.298-0500] {extract.py:24} INFO - Creating schema: cleaned (if not exists)
[2025-04-09T07:23:17.298-0500] {extract.py:27} INFO - Creating schema: cleaned (if not exists)
[2025-04-09T07:23:17.312-0500] {extract.py:34} INFO - Found schemas after creation attempt: ['dimensional_model', 'cleaned', 'raw']
[2025-04-09T07:23:17.312-0500] {extract.py:39} INFO - Task create_postgres_schemas finished successfully.
[2025-04-09T07:23:17.313-0500] {python.py:240} INFO - Done. Returned value was: None
[2025-04-09T07:23:17.318-0500] {taskinstance.py:341} INFO - ::group::Post task execution logs
[2025-04-09T07:23:17.318-0500] {taskinstance.py:353} INFO - Marking task as SUCCESS. dag_id=etl_kaggle_to_postgres_conditional_load, task_id=create_postgres_schemas, run_id=manual__2025-04-09T12:23:13.289942+00:00, execution_date=20250409T122313, start_date=20250409T122317, end_date=20250409T122317
[2025-04-09T07:23:17.374-0500] {local_task_job_runner.py:266} INFO - Task exited with return code 0
[2025-04-09T07:23:17.404-0500] {taskinstance.py:3901} INFO - 1 downstream tasks scheduled from follow-on schedule check
[2025-04-09T07:23:17.414-0500] {local_task_job_runner.py:245} INFO - ::endgroup::
