[2025-04-09T07:23:40.974-0500] {local_task_job_runner.py:123} INFO - ::group::Pre task execution logs
[2025-04-09T07:23:40.992-0500] {taskinstance.py:2614} INFO - Dependencies all met for dep_context=non-requeueable deps ti=<TaskInstance: etl_kaggle_to_postgres_conditional_load.transform_to_dimensional_model manual__2025-04-09T12:23:13.289942+00:00 [queued]>
[2025-04-09T07:23:41.001-0500] {taskinstance.py:2614} INFO - Dependencies all met for dep_context=requeueable deps ti=<TaskInstance: etl_kaggle_to_postgres_conditional_load.transform_to_dimensional_model manual__2025-04-09T12:23:13.289942+00:00 [queued]>
[2025-04-09T07:23:41.002-0500] {taskinstance.py:2867} INFO - Starting attempt 1 of 1
[2025-04-09T07:23:41.017-0500] {taskinstance.py:2890} INFO - Executing <Task(_PythonDecoratedOperator): transform_to_dimensional_model> on 2025-04-09 12:23:13.289942+00:00
[2025-04-09T07:23:41.028-0500] {standard_task_runner.py:72} INFO - Started process 50775 to run task
[2025-04-09T07:23:41.031-0500] {standard_task_runner.py:104} INFO - Running: ['airflow', 'tasks', 'run', 'etl_kaggle_to_postgres_conditional_load', 'transform_to_dimensional_model', 'manual__2025-04-09T12:23:13.289942+00:00', '--job-id', '9', '--raw', '--subdir', 'DAGS_FOLDER/etl_process.py', '--cfg-path', '/tmp/tmpmzuxmwd6']
[2025-04-09T07:23:41.034-0500] {standard_task_runner.py:105} INFO - Job 9: Subtask transform_to_dimensional_model
[2025-04-09T07:23:41.070-0500] {task_command.py:467} INFO - Running <TaskInstance: etl_kaggle_to_postgres_conditional_load.transform_to_dimensional_model manual__2025-04-09T12:23:13.289942+00:00 [running]> on host edwards-HP-Laptop-14-dk1xxx
[2025-04-09T07:23:41.131-0500] {taskinstance.py:3134} INFO - Exporting env vars: AIRFLOW_CTX_DAG_OWNER='airflow' AIRFLOW_CTX_DAG_ID='etl_kaggle_to_postgres_conditional_load' AIRFLOW_CTX_TASK_ID='transform_to_dimensional_model' AIRFLOW_CTX_EXECUTION_DATE='2025-04-09T12:23:13.289942+00:00' AIRFLOW_CTX_TRY_NUMBER='1' AIRFLOW_CTX_DAG_RUN_ID='manual__2025-04-09T12:23:13.289942+00:00'
[2025-04-09T07:23:41.132-0500] {taskinstance.py:732} INFO - ::endgroup::
[2025-04-09T07:23:41.135-0500] {dimensional_model.py:13} INFO - Starting task: transform_to_dimensional_model
[2025-04-09T07:23:41.142-0500] {base.py:84} INFO - Retrieving connection 'project_etl'
[2025-04-09T07:23:41.158-0500] {sql.py:624} INFO - Running statement: CREATE SCHEMA IF NOT EXISTS dimensional_model, parameters: None
[2025-04-09T07:23:41.159-0500] {dimensional_model.py:21} INFO - Created dimensional_model schema if it didn't exist
[2025-04-09T07:23:41.159-0500] {dimensional_model.py:33} INFO - Extracting table: cleaned.jobs
[2025-04-09T07:23:48.691-0500] {dimensional_model.py:40} INFO - Successfully extracted and concatenated 123849 rows for table: jobs
[2025-04-09T07:23:48.692-0500] {dimensional_model.py:33} INFO - Extracting table: cleaned.salaries
[2025-04-09T07:23:48.971-0500] {dimensional_model.py:40} INFO - Successfully extracted and concatenated 40785 rows for table: salaries
[2025-04-09T07:23:48.971-0500] {dimensional_model.py:33} INFO - Extracting table: cleaned.benefits
[2025-04-09T07:23:49.045-0500] {dimensional_model.py:40} INFO - Successfully extracted and concatenated 30023 rows for table: benefits
[2025-04-09T07:23:49.046-0500] {dimensional_model.py:33} INFO - Extracting table: cleaned.employee_counts
[2025-04-09T07:23:49.243-0500] {dimensional_model.py:40} INFO - Successfully extracted and concatenated 35787 rows for table: employee_counts
[2025-04-09T07:23:49.244-0500] {dimensional_model.py:33} INFO - Extracting table: cleaned.industries
[2025-04-09T07:23:49.294-0500] {dimensional_model.py:40} INFO - Successfully extracted and concatenated 24375 rows for table: industries
[2025-04-09T07:23:49.295-0500] {dimensional_model.py:33} INFO - Extracting table: cleaned.companies
[2025-04-09T07:23:49.648-0500] {dimensional_model.py:40} INFO - Successfully extracted and concatenated 24473 rows for table: companies
[2025-04-09T07:23:49.880-0500] {dimensional_model.py:138} INFO - Building dimensional model
[2025-04-09T07:23:51.392-0500] {dimensional_model.py:334} INFO - Normalizing salary data in fact_jobs
[2025-04-09T07:23:54.435-0500] {dimensional_model.py:377} INFO - Salary normalization complete in fact_jobs
[2025-04-09T07:23:54.492-0500] {dimensional_model.py:401} INFO - Saving dimensional model tables to database
[2025-04-09T07:23:54.527-0500] {sql.py:624} INFO - Running statement: DROP TABLE IF EXISTS dimensional_model.dim_company, parameters: None
[2025-04-09T07:23:54.564-0500] {dimensional_model.py:429} INFO - Created dimensional_model.dim_company table structure
[2025-04-09T07:23:55.526-0500] {sql.py:748} INFO - Loaded 5000 rows into dimensional_model.dim_company so far
[2025-04-09T07:23:56.272-0500] {sql.py:748} INFO - Loaded 10000 rows into dimensional_model.dim_company so far
[2025-04-09T07:23:56.272-0500] {sql.py:760} INFO - Done loading. Loaded a total of 10000 rows into dimensional_model.dim_company
[2025-04-09T07:23:56.274-0500] {dimensional_model.py:450} INFO - Inserted chunk of 10000 rows into dimensional_model.dim_company, total: 10000/24473
[2025-04-09T07:23:57.123-0500] {sql.py:748} INFO - Loaded 5000 rows into dimensional_model.dim_company so far
[2025-04-09T07:23:57.946-0500] {sql.py:748} INFO - Loaded 10000 rows into dimensional_model.dim_company so far
[2025-04-09T07:23:57.947-0500] {sql.py:760} INFO - Done loading. Loaded a total of 10000 rows into dimensional_model.dim_company
[2025-04-09T07:23:57.948-0500] {dimensional_model.py:450} INFO - Inserted chunk of 10000 rows into dimensional_model.dim_company, total: 20000/24473
[2025-04-09T07:23:58.667-0500] {sql.py:748} INFO - Loaded 4473 rows into dimensional_model.dim_company so far
[2025-04-09T07:23:58.668-0500] {sql.py:760} INFO - Done loading. Loaded a total of 4473 rows into dimensional_model.dim_company
[2025-04-09T07:23:58.670-0500] {dimensional_model.py:450} INFO - Inserted chunk of 4473 rows into dimensional_model.dim_company, total: 24473/24473
[2025-04-09T07:23:58.683-0500] {sql.py:624} INFO - Running statement: DROP TABLE IF EXISTS dimensional_model.dim_location, parameters: None
[2025-04-09T07:23:58.697-0500] {dimensional_model.py:429} INFO - Created dimensional_model.dim_location table structure
[2025-04-09T07:23:59.323-0500] {sql.py:748} INFO - Loaded 5000 rows into dimensional_model.dim_location so far
[2025-04-09T07:23:59.901-0500] {sql.py:748} INFO - Loaded 10000 rows into dimensional_model.dim_location so far
[2025-04-09T07:23:59.902-0500] {sql.py:760} INFO - Done loading. Loaded a total of 10000 rows into dimensional_model.dim_location
[2025-04-09T07:23:59.904-0500] {dimensional_model.py:450} INFO - Inserted chunk of 10000 rows into dimensional_model.dim_location, total: 10000/12248
[2025-04-09T07:24:00.247-0500] {sql.py:748} INFO - Loaded 2248 rows into dimensional_model.dim_location so far
[2025-04-09T07:24:00.247-0500] {sql.py:760} INFO - Done loading. Loaded a total of 2248 rows into dimensional_model.dim_location
[2025-04-09T07:24:00.248-0500] {dimensional_model.py:450} INFO - Inserted chunk of 2248 rows into dimensional_model.dim_location, total: 12248/12248
[2025-04-09T07:24:00.260-0500] {sql.py:624} INFO - Running statement: DROP TABLE IF EXISTS dimensional_model.dim_time, parameters: None
[2025-04-09T07:24:00.274-0500] {dimensional_model.py:429} INFO - Created dimensional_model.dim_time table structure
[2025-04-09T07:24:00.294-0500] {sql.py:748} INFO - Loaded 61 rows into dimensional_model.dim_time so far
[2025-04-09T07:24:00.294-0500] {sql.py:760} INFO - Done loading. Loaded a total of 61 rows into dimensional_model.dim_time
[2025-04-09T07:24:00.294-0500] {dimensional_model.py:450} INFO - Inserted chunk of 61 rows into dimensional_model.dim_time, total: 61/61
[2025-04-09T07:24:00.304-0500] {sql.py:624} INFO - Running statement: DROP TABLE IF EXISTS dimensional_model.fact_jobs, parameters: None
[2025-04-09T07:24:00.325-0500] {dimensional_model.py:429} INFO - Created dimensional_model.fact_jobs table structure
[2025-04-09T07:24:01.119-0500] {sql.py:748} INFO - Loaded 5000 rows into dimensional_model.fact_jobs so far
[2025-04-09T07:24:01.863-0500] {sql.py:748} INFO - Loaded 10000 rows into dimensional_model.fact_jobs so far
[2025-04-09T07:24:01.864-0500] {sql.py:760} INFO - Done loading. Loaded a total of 10000 rows into dimensional_model.fact_jobs
[2025-04-09T07:24:01.865-0500] {dimensional_model.py:450} INFO - Inserted chunk of 10000 rows into dimensional_model.fact_jobs, total: 10000/123849
[2025-04-09T07:24:02.689-0500] {sql.py:748} INFO - Loaded 5000 rows into dimensional_model.fact_jobs so far
[2025-04-09T07:24:03.458-0500] {sql.py:748} INFO - Loaded 10000 rows into dimensional_model.fact_jobs so far
[2025-04-09T07:24:03.458-0500] {sql.py:760} INFO - Done loading. Loaded a total of 10000 rows into dimensional_model.fact_jobs
[2025-04-09T07:24:03.460-0500] {dimensional_model.py:450} INFO - Inserted chunk of 10000 rows into dimensional_model.fact_jobs, total: 20000/123849
[2025-04-09T07:24:04.254-0500] {sql.py:748} INFO - Loaded 5000 rows into dimensional_model.fact_jobs so far
[2025-04-09T07:24:05.019-0500] {sql.py:748} INFO - Loaded 10000 rows into dimensional_model.fact_jobs so far
[2025-04-09T07:24:05.020-0500] {sql.py:760} INFO - Done loading. Loaded a total of 10000 rows into dimensional_model.fact_jobs
[2025-04-09T07:24:05.021-0500] {dimensional_model.py:450} INFO - Inserted chunk of 10000 rows into dimensional_model.fact_jobs, total: 30000/123849
[2025-04-09T07:24:05.813-0500] {sql.py:748} INFO - Loaded 5000 rows into dimensional_model.fact_jobs so far
[2025-04-09T07:24:06.620-0500] {sql.py:748} INFO - Loaded 10000 rows into dimensional_model.fact_jobs so far
[2025-04-09T07:24:06.620-0500] {sql.py:760} INFO - Done loading. Loaded a total of 10000 rows into dimensional_model.fact_jobs
[2025-04-09T07:24:06.621-0500] {dimensional_model.py:450} INFO - Inserted chunk of 10000 rows into dimensional_model.fact_jobs, total: 40000/123849
[2025-04-09T07:24:07.405-0500] {sql.py:748} INFO - Loaded 5000 rows into dimensional_model.fact_jobs so far
[2025-04-09T07:24:08.161-0500] {sql.py:748} INFO - Loaded 10000 rows into dimensional_model.fact_jobs so far
[2025-04-09T07:24:08.161-0500] {sql.py:760} INFO - Done loading. Loaded a total of 10000 rows into dimensional_model.fact_jobs
[2025-04-09T07:24:08.163-0500] {dimensional_model.py:450} INFO - Inserted chunk of 10000 rows into dimensional_model.fact_jobs, total: 50000/123849
[2025-04-09T07:24:08.988-0500] {sql.py:748} INFO - Loaded 5000 rows into dimensional_model.fact_jobs so far
[2025-04-09T07:24:09.842-0500] {sql.py:748} INFO - Loaded 10000 rows into dimensional_model.fact_jobs so far
[2025-04-09T07:24:09.842-0500] {sql.py:760} INFO - Done loading. Loaded a total of 10000 rows into dimensional_model.fact_jobs
[2025-04-09T07:24:09.844-0500] {dimensional_model.py:450} INFO - Inserted chunk of 10000 rows into dimensional_model.fact_jobs, total: 60000/123849
[2025-04-09T07:24:10.635-0500] {sql.py:748} INFO - Loaded 5000 rows into dimensional_model.fact_jobs so far
[2025-04-09T07:24:11.370-0500] {sql.py:748} INFO - Loaded 10000 rows into dimensional_model.fact_jobs so far
[2025-04-09T07:24:11.371-0500] {sql.py:760} INFO - Done loading. Loaded a total of 10000 rows into dimensional_model.fact_jobs
[2025-04-09T07:24:11.373-0500] {dimensional_model.py:450} INFO - Inserted chunk of 10000 rows into dimensional_model.fact_jobs, total: 70000/123849
[2025-04-09T07:24:12.291-0500] {sql.py:748} INFO - Loaded 5000 rows into dimensional_model.fact_jobs so far
[2025-04-09T07:24:13.278-0500] {sql.py:748} INFO - Loaded 10000 rows into dimensional_model.fact_jobs so far
[2025-04-09T07:24:13.279-0500] {sql.py:760} INFO - Done loading. Loaded a total of 10000 rows into dimensional_model.fact_jobs
[2025-04-09T07:24:13.280-0500] {dimensional_model.py:450} INFO - Inserted chunk of 10000 rows into dimensional_model.fact_jobs, total: 80000/123849
[2025-04-09T07:24:14.067-0500] {sql.py:748} INFO - Loaded 5000 rows into dimensional_model.fact_jobs so far
[2025-04-09T07:24:14.854-0500] {sql.py:748} INFO - Loaded 10000 rows into dimensional_model.fact_jobs so far
[2025-04-09T07:24:14.855-0500] {sql.py:760} INFO - Done loading. Loaded a total of 10000 rows into dimensional_model.fact_jobs
[2025-04-09T07:24:14.856-0500] {dimensional_model.py:450} INFO - Inserted chunk of 10000 rows into dimensional_model.fact_jobs, total: 90000/123849
[2025-04-09T07:24:15.693-0500] {sql.py:748} INFO - Loaded 5000 rows into dimensional_model.fact_jobs so far
[2025-04-09T07:24:16.470-0500] {sql.py:748} INFO - Loaded 10000 rows into dimensional_model.fact_jobs so far
[2025-04-09T07:24:16.471-0500] {sql.py:760} INFO - Done loading. Loaded a total of 10000 rows into dimensional_model.fact_jobs
[2025-04-09T07:24:16.472-0500] {dimensional_model.py:450} INFO - Inserted chunk of 10000 rows into dimensional_model.fact_jobs, total: 100000/123849
[2025-04-09T07:24:17.510-0500] {sql.py:748} INFO - Loaded 5000 rows into dimensional_model.fact_jobs so far
[2025-04-09T07:24:18.301-0500] {sql.py:748} INFO - Loaded 10000 rows into dimensional_model.fact_jobs so far
[2025-04-09T07:24:18.302-0500] {sql.py:760} INFO - Done loading. Loaded a total of 10000 rows into dimensional_model.fact_jobs
[2025-04-09T07:24:18.303-0500] {dimensional_model.py:450} INFO - Inserted chunk of 10000 rows into dimensional_model.fact_jobs, total: 110000/123849
[2025-04-09T07:24:19.172-0500] {sql.py:748} INFO - Loaded 5000 rows into dimensional_model.fact_jobs so far
[2025-04-09T07:24:19.922-0500] {sql.py:748} INFO - Loaded 10000 rows into dimensional_model.fact_jobs so far
[2025-04-09T07:24:19.922-0500] {sql.py:760} INFO - Done loading. Loaded a total of 10000 rows into dimensional_model.fact_jobs
[2025-04-09T07:24:19.924-0500] {dimensional_model.py:450} INFO - Inserted chunk of 10000 rows into dimensional_model.fact_jobs, total: 120000/123849
[2025-04-09T07:24:20.530-0500] {sql.py:748} INFO - Loaded 3849 rows into dimensional_model.fact_jobs so far
[2025-04-09T07:24:20.531-0500] {sql.py:760} INFO - Done loading. Loaded a total of 3849 rows into dimensional_model.fact_jobs
[2025-04-09T07:24:20.532-0500] {dimensional_model.py:450} INFO - Inserted chunk of 3849 rows into dimensional_model.fact_jobs, total: 123849/123849
[2025-04-09T07:24:20.661-0500] {dimensional_model.py:473} INFO - Saved backup of dim_company with 24473 rows to /tmp/tmp3vn6mbxz/dim_company.csv
[2025-04-09T07:24:20.700-0500] {dimensional_model.py:473} INFO - Saved backup of dim_location with 12248 rows to /tmp/tmp3vn6mbxz/dim_location.csv
[2025-04-09T07:24:20.701-0500] {dimensional_model.py:473} INFO - Saved backup of dim_time with 61 rows to /tmp/tmp3vn6mbxz/dim_time.csv
[2025-04-09T07:24:21.314-0500] {dimensional_model.py:473} INFO - Saved backup of fact_jobs with 123849 rows to /tmp/tmp3vn6mbxz/fact_jobs.csv
[2025-04-09T07:24:21.314-0500] {dimensional_model.py:476} INFO - Dimensional model transformation and database loading complete
[2025-04-09T07:24:21.453-0500] {python.py:240} INFO - Done. Returned value was: {'dim_model_directory': '/tmp/tmp3vn6mbxz', 'table_paths': {'dim_company': '/tmp/tmp3vn6mbxz/dim_company.csv', 'dim_location': '/tmp/tmp3vn6mbxz/dim_location.csv', 'dim_time': '/tmp/tmp3vn6mbxz/dim_time.csv', 'fact_jobs': '/tmp/tmp3vn6mbxz/fact_jobs.csv'}, 'row_counts': {'dim_company': 24473, 'dim_location': 12248, 'dim_time': 61, 'fact_jobs': 123849}, 'dag_run_id': 'manual__2025-04-09T12:23:13.289942+00:00'}
[2025-04-09T07:24:21.472-0500] {taskinstance.py:341} INFO - ::group::Post task execution logs
[2025-04-09T07:24:21.472-0500] {taskinstance.py:353} INFO - Marking task as SUCCESS. dag_id=etl_kaggle_to_postgres_conditional_load, task_id=transform_to_dimensional_model, run_id=manual__2025-04-09T12:23:13.289942+00:00, execution_date=20250409T122313, start_date=20250409T122340, end_date=20250409T122421
[2025-04-09T07:24:21.873-0500] {local_task_job_runner.py:266} INFO - Task exited with return code 0
[2025-04-09T07:24:21.897-0500] {taskinstance.py:3901} INFO - 0 downstream tasks scheduled from follow-on schedule check
[2025-04-09T07:24:21.898-0500] {local_task_job_runner.py:245} INFO - ::endgroup::
