[2025-04-09T07:21:45.205-0500] {local_task_job_runner.py:123} INFO - ::group::Pre task execution logs
[2025-04-09T07:21:45.217-0500] {taskinstance.py:2614} INFO - Dependencies all met for dep_context=non-requeueable deps ti=<TaskInstance: etl_kaggle_to_postgres_conditional_load.create_postgres_schemas manual__2025-04-09T12:21:40.237989+00:00 [queued]>
[2025-04-09T07:21:45.224-0500] {taskinstance.py:2614} INFO - Dependencies all met for dep_context=requeueable deps ti=<TaskInstance: etl_kaggle_to_postgres_conditional_load.create_postgres_schemas manual__2025-04-09T12:21:40.237989+00:00 [queued]>
[2025-04-09T07:21:45.225-0500] {taskinstance.py:2867} INFO - Starting attempt 1 of 1
[2025-04-09T07:21:45.242-0500] {taskinstance.py:2890} INFO - Executing <Task(_PythonDecoratedOperator): create_postgres_schemas> on 2025-04-09 12:21:40.237989+00:00
[2025-04-09T07:21:45.252-0500] {standard_task_runner.py:72} INFO - Started process 49522 to run task
[2025-04-09T07:21:45.257-0500] {standard_task_runner.py:104} INFO - Running: ['airflow', 'tasks', 'run', 'etl_kaggle_to_postgres_conditional_load', 'create_postgres_schemas', 'manual__2025-04-09T12:21:40.237989+00:00', '--job-id', '3', '--raw', '--subdir', 'DAGS_FOLDER/etl_process.py', '--cfg-path', '/tmp/tmpod3kua_i']
[2025-04-09T07:21:45.260-0500] {standard_task_runner.py:105} INFO - Job 3: Subtask create_postgres_schemas
[2025-04-09T07:21:45.317-0500] {task_command.py:467} INFO - Running <TaskInstance: etl_kaggle_to_postgres_conditional_load.create_postgres_schemas manual__2025-04-09T12:21:40.237989+00:00 [running]> on host edwards-HP-Laptop-14-dk1xxx
[2025-04-09T07:21:45.382-0500] {taskinstance.py:3134} INFO - Exporting env vars: AIRFLOW_CTX_DAG_OWNER='airflow' AIRFLOW_CTX_DAG_ID='etl_kaggle_to_postgres_conditional_load' AIRFLOW_CTX_TASK_ID='create_postgres_schemas' AIRFLOW_CTX_EXECUTION_DATE='2025-04-09T12:21:40.237989+00:00' AIRFLOW_CTX_TRY_NUMBER='1' AIRFLOW_CTX_DAG_RUN_ID='manual__2025-04-09T12:21:40.237989+00:00'
[2025-04-09T07:21:45.384-0500] {taskinstance.py:732} INFO - ::endgroup::
[2025-04-09T07:21:45.387-0500] {extract.py:15} INFO - Starting task: create_postgres_schemas
[2025-04-09T07:21:45.392-0500] {extract.py:43} ERROR - Error in create_postgres_schemas: The conn_id `project_etl` isn't defined
Traceback (most recent call last):
  File "/home/edwards/Documentos/university/etl/project_linux_repo/LinkedIn-Jobs-Posting/dags/task/extract.py", line 19, in create_postgres_schemas
    conn = hook.get_conn()
           ^^^^^^^^^^^^^^^
  File "/home/edwards/Documentos/university/etl/project_linux_repo/LinkedIn-Jobs-Posting/airflow_env/lib/python3.11/site-packages/airflow/providers/postgres/hooks/postgres.py", line 150, in get_conn
    conn = deepcopy(self.connection)
                    ^^^^^^^^^^^^^^^
  File "/home/edwards/Documentos/university/etl/project_linux_repo/LinkedIn-Jobs-Posting/airflow_env/lib/python3.11/site-packages/airflow/providers/common/sql/hooks/sql.py", line 242, in connection
    self._connection = self.get_connection(self.get_conn_id())
                       ^^^^^^^^^^^^^^^^^^^^^^^^^^^^^^^^^^^^^^^
  File "/home/edwards/Documentos/university/etl/project_linux_repo/LinkedIn-Jobs-Posting/airflow_env/lib/python3.11/site-packages/airflow/hooks/base.py", line 83, in get_connection
    conn = Connection.get_connection_from_secrets(conn_id)
           ^^^^^^^^^^^^^^^^^^^^^^^^^^^^^^^^^^^^^^^^^^^^^^^
  File "/home/edwards/Documentos/university/etl/project_linux_repo/LinkedIn-Jobs-Posting/airflow_env/lib/python3.11/site-packages/airflow/models/connection.py", line 537, in get_connection_from_secrets
    raise AirflowNotFoundException(f"The conn_id `{conn_id}` isn't defined")
airflow.exceptions.AirflowNotFoundException: The conn_id `project_etl` isn't defined
[2025-04-09T07:21:45.398-0500] {taskinstance.py:3313} ERROR - Task failed with exception
Traceback (most recent call last):
  File "/home/edwards/Documentos/university/etl/project_linux_repo/LinkedIn-Jobs-Posting/airflow_env/lib/python3.11/site-packages/airflow/models/taskinstance.py", line 768, in _execute_task
    result = _execute_callable(context=context, **execute_callable_kwargs)
             ^^^^^^^^^^^^^^^^^^^^^^^^^^^^^^^^^^^^^^^^^^^^^^^^^^^^^^^^^^^^^
  File "/home/edwards/Documentos/university/etl/project_linux_repo/LinkedIn-Jobs-Posting/airflow_env/lib/python3.11/site-packages/airflow/models/taskinstance.py", line 734, in _execute_callable
    return ExecutionCallableRunner(
           ^^^^^^^^^^^^^^^^^^^^^^^^
  File "/home/edwards/Documentos/university/etl/project_linux_repo/LinkedIn-Jobs-Posting/airflow_env/lib/python3.11/site-packages/airflow/utils/operator_helpers.py", line 252, in run
    return self.func(*args, **kwargs)
           ^^^^^^^^^^^^^^^^^^^^^^^^^^
  File "/home/edwards/Documentos/university/etl/project_linux_repo/LinkedIn-Jobs-Posting/airflow_env/lib/python3.11/site-packages/airflow/models/baseoperator.py", line 424, in wrapper
    return func(self, *args, **kwargs)
           ^^^^^^^^^^^^^^^^^^^^^^^^^^^
  File "/home/edwards/Documentos/university/etl/project_linux_repo/LinkedIn-Jobs-Posting/airflow_env/lib/python3.11/site-packages/airflow/decorators/base.py", line 266, in execute
    return_value = super().execute(context)
                   ^^^^^^^^^^^^^^^^^^^^^^^^
  File "/home/edwards/Documentos/university/etl/project_linux_repo/LinkedIn-Jobs-Posting/airflow_env/lib/python3.11/site-packages/airflow/models/baseoperator.py", line 424, in wrapper
    return func(self, *args, **kwargs)
           ^^^^^^^^^^^^^^^^^^^^^^^^^^^
  File "/home/edwards/Documentos/university/etl/project_linux_repo/LinkedIn-Jobs-Posting/airflow_env/lib/python3.11/site-packages/airflow/operators/python.py", line 238, in execute
    return_value = self.execute_callable()
                   ^^^^^^^^^^^^^^^^^^^^^^^
  File "/home/edwards/Documentos/university/etl/project_linux_repo/LinkedIn-Jobs-Posting/airflow_env/lib/python3.11/site-packages/airflow/operators/python.py", line 256, in execute_callable
    return runner.run(*self.op_args, **self.op_kwargs)
           ^^^^^^^^^^^^^^^^^^^^^^^^^^^^^^^^^^^^^^^^^^^
  File "/home/edwards/Documentos/university/etl/project_linux_repo/LinkedIn-Jobs-Posting/airflow_env/lib/python3.11/site-packages/airflow/utils/operator_helpers.py", line 252, in run
    return self.func(*args, **kwargs)
           ^^^^^^^^^^^^^^^^^^^^^^^^^^
  File "/home/edwards/Documentos/university/etl/project_linux_repo/LinkedIn-Jobs-Posting/dags/task/extract.py", line 19, in create_postgres_schemas
    conn = hook.get_conn()
           ^^^^^^^^^^^^^^^
  File "/home/edwards/Documentos/university/etl/project_linux_repo/LinkedIn-Jobs-Posting/airflow_env/lib/python3.11/site-packages/airflow/providers/postgres/hooks/postgres.py", line 150, in get_conn
    conn = deepcopy(self.connection)
                    ^^^^^^^^^^^^^^^
  File "/home/edwards/Documentos/university/etl/project_linux_repo/LinkedIn-Jobs-Posting/airflow_env/lib/python3.11/site-packages/airflow/providers/common/sql/hooks/sql.py", line 242, in connection
    self._connection = self.get_connection(self.get_conn_id())
                       ^^^^^^^^^^^^^^^^^^^^^^^^^^^^^^^^^^^^^^^
  File "/home/edwards/Documentos/university/etl/project_linux_repo/LinkedIn-Jobs-Posting/airflow_env/lib/python3.11/site-packages/airflow/hooks/base.py", line 83, in get_connection
    conn = Connection.get_connection_from_secrets(conn_id)
           ^^^^^^^^^^^^^^^^^^^^^^^^^^^^^^^^^^^^^^^^^^^^^^^
  File "/home/edwards/Documentos/university/etl/project_linux_repo/LinkedIn-Jobs-Posting/airflow_env/lib/python3.11/site-packages/airflow/models/connection.py", line 537, in get_connection_from_secrets
    raise AirflowNotFoundException(f"The conn_id `{conn_id}` isn't defined")
airflow.exceptions.AirflowNotFoundException: The conn_id `project_etl` isn't defined
[2025-04-09T07:21:45.402-0500] {taskinstance.py:1226} INFO - Marking task as FAILED. dag_id=etl_kaggle_to_postgres_conditional_load, task_id=create_postgres_schemas, run_id=manual__2025-04-09T12:21:40.237989+00:00, execution_date=20250409T122140, start_date=20250409T122145, end_date=20250409T122145
[2025-04-09T07:21:45.421-0500] {taskinstance.py:341} INFO - ::group::Post task execution logs
[2025-04-09T07:21:45.422-0500] {standard_task_runner.py:124} ERROR - Failed to execute job 3 for task create_postgres_schemas (The conn_id `project_etl` isn't defined; 49522)
Traceback (most recent call last):
  File "/home/edwards/Documentos/university/etl/project_linux_repo/LinkedIn-Jobs-Posting/airflow_env/lib/python3.11/site-packages/airflow/task/task_runner/standard_task_runner.py", line 117, in _start_by_fork
    ret = args.func(args, dag=self.dag)
          ^^^^^^^^^^^^^^^^^^^^^^^^^^^^^
  File "/home/edwards/Documentos/university/etl/project_linux_repo/LinkedIn-Jobs-Posting/airflow_env/lib/python3.11/site-packages/airflow/cli/cli_config.py", line 49, in command
    return func(*args, **kwargs)
           ^^^^^^^^^^^^^^^^^^^^^
  File "/home/edwards/Documentos/university/etl/project_linux_repo/LinkedIn-Jobs-Posting/airflow_env/lib/python3.11/site-packages/airflow/utils/cli.py", line 116, in wrapper
    return f(*args, **kwargs)
           ^^^^^^^^^^^^^^^^^^
  File "/home/edwards/Documentos/university/etl/project_linux_repo/LinkedIn-Jobs-Posting/airflow_env/lib/python3.11/site-packages/airflow/cli/commands/task_command.py", line 483, in task_run
    task_return_code = _run_task_by_selected_method(args, _dag, ti)
                       ^^^^^^^^^^^^^^^^^^^^^^^^^^^^^^^^^^^^^^^^^^^^
  File "/home/edwards/Documentos/university/etl/project_linux_repo/LinkedIn-Jobs-Posting/airflow_env/lib/python3.11/site-packages/airflow/cli/commands/task_command.py", line 256, in _run_task_by_selected_method
    return _run_raw_task(args, ti)
           ^^^^^^^^^^^^^^^^^^^^^^^
  File "/home/edwards/Documentos/university/etl/project_linux_repo/LinkedIn-Jobs-Posting/airflow_env/lib/python3.11/site-packages/airflow/cli/commands/task_command.py", line 341, in _run_raw_task
    return ti._run_raw_task(
           ^^^^^^^^^^^^^^^^^
  File "/home/edwards/Documentos/university/etl/project_linux_repo/LinkedIn-Jobs-Posting/airflow_env/lib/python3.11/site-packages/airflow/utils/session.py", line 97, in wrapper
    return func(*args, session=session, **kwargs)
           ^^^^^^^^^^^^^^^^^^^^^^^^^^^^^^^^^^^^^^
  File "/home/edwards/Documentos/university/etl/project_linux_repo/LinkedIn-Jobs-Posting/airflow_env/lib/python3.11/site-packages/airflow/models/taskinstance.py", line 3006, in _run_raw_task
    return _run_raw_task(
           ^^^^^^^^^^^^^^
  File "/home/edwards/Documentos/university/etl/project_linux_repo/LinkedIn-Jobs-Posting/airflow_env/lib/python3.11/site-packages/airflow/models/taskinstance.py", line 274, in _run_raw_task
    TaskInstance._execute_task_with_callbacks(
  File "/home/edwards/Documentos/university/etl/project_linux_repo/LinkedIn-Jobs-Posting/airflow_env/lib/python3.11/site-packages/airflow/models/taskinstance.py", line 3161, in _execute_task_with_callbacks
    result = self._execute_task(context, task_orig)
             ^^^^^^^^^^^^^^^^^^^^^^^^^^^^^^^^^^^^^^
  File "/home/edwards/Documentos/university/etl/project_linux_repo/LinkedIn-Jobs-Posting/airflow_env/lib/python3.11/site-packages/airflow/models/taskinstance.py", line 3185, in _execute_task
    return _execute_task(self, context, task_orig)
           ^^^^^^^^^^^^^^^^^^^^^^^^^^^^^^^^^^^^^^^
  File "/home/edwards/Documentos/university/etl/project_linux_repo/LinkedIn-Jobs-Posting/airflow_env/lib/python3.11/site-packages/airflow/models/taskinstance.py", line 768, in _execute_task
    result = _execute_callable(context=context, **execute_callable_kwargs)
             ^^^^^^^^^^^^^^^^^^^^^^^^^^^^^^^^^^^^^^^^^^^^^^^^^^^^^^^^^^^^^
  File "/home/edwards/Documentos/university/etl/project_linux_repo/LinkedIn-Jobs-Posting/airflow_env/lib/python3.11/site-packages/airflow/models/taskinstance.py", line 734, in _execute_callable
    return ExecutionCallableRunner(
           ^^^^^^^^^^^^^^^^^^^^^^^^
  File "/home/edwards/Documentos/university/etl/project_linux_repo/LinkedIn-Jobs-Posting/airflow_env/lib/python3.11/site-packages/airflow/utils/operator_helpers.py", line 252, in run
    return self.func(*args, **kwargs)
           ^^^^^^^^^^^^^^^^^^^^^^^^^^
  File "/home/edwards/Documentos/university/etl/project_linux_repo/LinkedIn-Jobs-Posting/airflow_env/lib/python3.11/site-packages/airflow/models/baseoperator.py", line 424, in wrapper
    return func(self, *args, **kwargs)
           ^^^^^^^^^^^^^^^^^^^^^^^^^^^
  File "/home/edwards/Documentos/university/etl/project_linux_repo/LinkedIn-Jobs-Posting/airflow_env/lib/python3.11/site-packages/airflow/decorators/base.py", line 266, in execute
    return_value = super().execute(context)
                   ^^^^^^^^^^^^^^^^^^^^^^^^
  File "/home/edwards/Documentos/university/etl/project_linux_repo/LinkedIn-Jobs-Posting/airflow_env/lib/python3.11/site-packages/airflow/models/baseoperator.py", line 424, in wrapper
    return func(self, *args, **kwargs)
           ^^^^^^^^^^^^^^^^^^^^^^^^^^^
  File "/home/edwards/Documentos/university/etl/project_linux_repo/LinkedIn-Jobs-Posting/airflow_env/lib/python3.11/site-packages/airflow/operators/python.py", line 238, in execute
    return_value = self.execute_callable()
                   ^^^^^^^^^^^^^^^^^^^^^^^
  File "/home/edwards/Documentos/university/etl/project_linux_repo/LinkedIn-Jobs-Posting/airflow_env/lib/python3.11/site-packages/airflow/operators/python.py", line 256, in execute_callable
    return runner.run(*self.op_args, **self.op_kwargs)
           ^^^^^^^^^^^^^^^^^^^^^^^^^^^^^^^^^^^^^^^^^^^
  File "/home/edwards/Documentos/university/etl/project_linux_repo/LinkedIn-Jobs-Posting/airflow_env/lib/python3.11/site-packages/airflow/utils/operator_helpers.py", line 252, in run
    return self.func(*args, **kwargs)
           ^^^^^^^^^^^^^^^^^^^^^^^^^^
  File "/home/edwards/Documentos/university/etl/project_linux_repo/LinkedIn-Jobs-Posting/dags/task/extract.py", line 19, in create_postgres_schemas
    conn = hook.get_conn()
           ^^^^^^^^^^^^^^^
  File "/home/edwards/Documentos/university/etl/project_linux_repo/LinkedIn-Jobs-Posting/airflow_env/lib/python3.11/site-packages/airflow/providers/postgres/hooks/postgres.py", line 150, in get_conn
    conn = deepcopy(self.connection)
                    ^^^^^^^^^^^^^^^
  File "/home/edwards/Documentos/university/etl/project_linux_repo/LinkedIn-Jobs-Posting/airflow_env/lib/python3.11/site-packages/airflow/providers/common/sql/hooks/sql.py", line 242, in connection
    self._connection = self.get_connection(self.get_conn_id())
                       ^^^^^^^^^^^^^^^^^^^^^^^^^^^^^^^^^^^^^^^
  File "/home/edwards/Documentos/university/etl/project_linux_repo/LinkedIn-Jobs-Posting/airflow_env/lib/python3.11/site-packages/airflow/hooks/base.py", line 83, in get_connection
    conn = Connection.get_connection_from_secrets(conn_id)
           ^^^^^^^^^^^^^^^^^^^^^^^^^^^^^^^^^^^^^^^^^^^^^^^
  File "/home/edwards/Documentos/university/etl/project_linux_repo/LinkedIn-Jobs-Posting/airflow_env/lib/python3.11/site-packages/airflow/models/connection.py", line 537, in get_connection_from_secrets
    raise AirflowNotFoundException(f"The conn_id `{conn_id}` isn't defined")
airflow.exceptions.AirflowNotFoundException: The conn_id `project_etl` isn't defined
[2025-04-09T07:21:45.472-0500] {local_task_job_runner.py:266} INFO - Task exited with return code 1
[2025-04-09T07:21:45.499-0500] {taskinstance.py:3901} INFO - 0 downstream tasks scheduled from follow-on schedule check
[2025-04-09T07:21:45.512-0500] {local_task_job_runner.py:245} INFO - ::endgroup::
