[2025-04-09T07:23:25.475-0500] {local_task_job_runner.py:123} INFO - ::group::Pre task execution logs
[2025-04-09T07:23:25.489-0500] {taskinstance.py:2614} INFO - Dependencies all met for dep_context=non-requeueable deps ti=<TaskInstance: etl_kaggle_to_postgres_conditional_load.branch_extraction_decision manual__2025-04-09T12:23:13.289942+00:00 [queued]>
[2025-04-09T07:23:25.498-0500] {taskinstance.py:2614} INFO - Dependencies all met for dep_context=requeueable deps ti=<TaskInstance: etl_kaggle_to_postgres_conditional_load.branch_extraction_decision manual__2025-04-09T12:23:13.289942+00:00 [queued]>
[2025-04-09T07:23:25.498-0500] {taskinstance.py:2867} INFO - Starting attempt 1 of 1
[2025-04-09T07:23:25.517-0500] {taskinstance.py:2890} INFO - Executing <Task(BranchPythonOperator): branch_extraction_decision> on 2025-04-09 12:23:13.289942+00:00
[2025-04-09T07:23:25.530-0500] {standard_task_runner.py:72} INFO - Started process 50565 to run task
[2025-04-09T07:23:25.538-0500] {standard_task_runner.py:104} INFO - Running: ['airflow', 'tasks', 'run', 'etl_kaggle_to_postgres_conditional_load', 'branch_extraction_decision', 'manual__2025-04-09T12:23:13.289942+00:00', '--job-id', '6', '--raw', '--subdir', 'DAGS_FOLDER/etl_process.py', '--cfg-path', '/tmp/tmpkvqs67q8']
[2025-04-09T07:23:25.543-0500] {standard_task_runner.py:105} INFO - Job 6: Subtask branch_extraction_decision
[2025-04-09T07:23:25.584-0500] {task_command.py:467} INFO - Running <TaskInstance: etl_kaggle_to_postgres_conditional_load.branch_extraction_decision manual__2025-04-09T12:23:13.289942+00:00 [running]> on host edwards-HP-Laptop-14-dk1xxx
[2025-04-09T07:23:25.640-0500] {taskinstance.py:3134} INFO - Exporting env vars: AIRFLOW_CTX_DAG_OWNER='airflow' AIRFLOW_CTX_DAG_ID='etl_kaggle_to_postgres_conditional_load' AIRFLOW_CTX_TASK_ID='branch_extraction_decision' AIRFLOW_CTX_EXECUTION_DATE='2025-04-09T12:23:13.289942+00:00' AIRFLOW_CTX_TRY_NUMBER='1' AIRFLOW_CTX_DAG_RUN_ID='manual__2025-04-09T12:23:13.289942+00:00'
[2025-04-09T07:23:25.641-0500] {taskinstance.py:732} INFO - ::endgroup::
[2025-04-09T07:23:25.644-0500] {baseoperator.py:423} WARNING - BranchPythonOperator.execute cannot be called outside TaskInstance!
[2025-04-09T07:23:25.649-0500] {control.py:74} INFO - Extraction needed: False
[2025-04-09T07:23:25.649-0500] {python.py:240} INFO - Done. Returned value was: skip_raw_data_load
[2025-04-09T07:23:25.649-0500] {branch.py:38} INFO - Branch into skip_raw_data_load
[2025-04-09T07:23:25.650-0500] {skipmixin.py:233} INFO - Following branch ('skip_raw_data_load',)
[2025-04-09T07:23:25.657-0500] {skipmixin.py:281} INFO - Skipping tasks [('load_kaggle_data_to_raw', -1)]
[2025-04-09T07:23:25.680-0500] {taskinstance.py:341} INFO - ::group::Post task execution logs
[2025-04-09T07:23:25.681-0500] {taskinstance.py:353} INFO - Marking task as SUCCESS. dag_id=etl_kaggle_to_postgres_conditional_load, task_id=branch_extraction_decision, run_id=manual__2025-04-09T12:23:13.289942+00:00, execution_date=20250409T122313, start_date=20250409T122325, end_date=20250409T122325
[2025-04-09T07:23:25.747-0500] {local_task_job_runner.py:266} INFO - Task exited with return code 0
[2025-04-09T07:23:25.791-0500] {taskinstance.py:3901} INFO - 0 downstream tasks scheduled from follow-on schedule check
[2025-04-09T07:23:25.793-0500] {local_task_job_runner.py:245} INFO - ::endgroup::
