[2025-04-09T07:21:12.133-0500] {processor.py:186} INFO - Started process (PID=49031) to work on /home/edwards/Documentos/university/etl/project_linux_repo/LinkedIn-Jobs-Posting/dags/task/dimensional_model.py
[2025-04-09T07:21:12.135-0500] {processor.py:914} INFO - Processing file /home/edwards/Documentos/university/etl/project_linux_repo/LinkedIn-Jobs-Posting/dags/task/dimensional_model.py for tasks to queue
[2025-04-09T07:21:12.139-0500] {logging_mixin.py:190} INFO - [2025-04-09T07:21:12.138-0500] {dagbag.py:588} INFO - Filling up the DagBag from /home/edwards/Documentos/university/etl/project_linux_repo/LinkedIn-Jobs-Posting/dags/task/dimensional_model.py
[2025-04-09T07:21:13.228-0500] {processor.py:927} WARNING - No viable dags retrieved from /home/edwards/Documentos/university/etl/project_linux_repo/LinkedIn-Jobs-Posting/dags/task/dimensional_model.py
[2025-04-09T07:21:13.246-0500] {processor.py:208} INFO - Processing /home/edwards/Documentos/university/etl/project_linux_repo/LinkedIn-Jobs-Posting/dags/task/dimensional_model.py took 1.126 seconds
[2025-04-09T07:21:46.254-0500] {processor.py:186} INFO - Started process (PID=49524) to work on /home/edwards/Documentos/university/etl/project_linux_repo/LinkedIn-Jobs-Posting/dags/task/dimensional_model.py
[2025-04-09T07:21:46.255-0500] {processor.py:914} INFO - Processing file /home/edwards/Documentos/university/etl/project_linux_repo/LinkedIn-Jobs-Posting/dags/task/dimensional_model.py for tasks to queue
[2025-04-09T07:21:46.257-0500] {logging_mixin.py:190} INFO - [2025-04-09T07:21:46.257-0500] {dagbag.py:588} INFO - Filling up the DagBag from /home/edwards/Documentos/university/etl/project_linux_repo/LinkedIn-Jobs-Posting/dags/task/dimensional_model.py
[2025-04-09T07:21:46.801-0500] {processor.py:927} WARNING - No viable dags retrieved from /home/edwards/Documentos/university/etl/project_linux_repo/LinkedIn-Jobs-Posting/dags/task/dimensional_model.py
[2025-04-09T07:21:46.809-0500] {processor.py:208} INFO - Processing /home/edwards/Documentos/university/etl/project_linux_repo/LinkedIn-Jobs-Posting/dags/task/dimensional_model.py took 0.565 seconds
[2025-04-09T07:22:17.675-0500] {processor.py:186} INFO - Started process (PID=49900) to work on /home/edwards/Documentos/university/etl/project_linux_repo/LinkedIn-Jobs-Posting/dags/task/dimensional_model.py
[2025-04-09T07:22:17.676-0500] {processor.py:914} INFO - Processing file /home/edwards/Documentos/university/etl/project_linux_repo/LinkedIn-Jobs-Posting/dags/task/dimensional_model.py for tasks to queue
[2025-04-09T07:22:17.679-0500] {logging_mixin.py:190} INFO - [2025-04-09T07:22:17.678-0500] {dagbag.py:588} INFO - Filling up the DagBag from /home/edwards/Documentos/university/etl/project_linux_repo/LinkedIn-Jobs-Posting/dags/task/dimensional_model.py
[2025-04-09T07:22:18.173-0500] {processor.py:927} WARNING - No viable dags retrieved from /home/edwards/Documentos/university/etl/project_linux_repo/LinkedIn-Jobs-Posting/dags/task/dimensional_model.py
[2025-04-09T07:22:18.179-0500] {processor.py:208} INFO - Processing /home/edwards/Documentos/university/etl/project_linux_repo/LinkedIn-Jobs-Posting/dags/task/dimensional_model.py took 0.510 seconds
[2025-04-09T07:22:49.049-0500] {processor.py:186} INFO - Started process (PID=50095) to work on /home/edwards/Documentos/university/etl/project_linux_repo/LinkedIn-Jobs-Posting/dags/task/dimensional_model.py
[2025-04-09T07:22:49.055-0500] {processor.py:914} INFO - Processing file /home/edwards/Documentos/university/etl/project_linux_repo/LinkedIn-Jobs-Posting/dags/task/dimensional_model.py for tasks to queue
[2025-04-09T07:22:49.058-0500] {logging_mixin.py:190} INFO - [2025-04-09T07:22:49.058-0500] {dagbag.py:588} INFO - Filling up the DagBag from /home/edwards/Documentos/university/etl/project_linux_repo/LinkedIn-Jobs-Posting/dags/task/dimensional_model.py
[2025-04-09T07:22:49.532-0500] {processor.py:927} WARNING - No viable dags retrieved from /home/edwards/Documentos/university/etl/project_linux_repo/LinkedIn-Jobs-Posting/dags/task/dimensional_model.py
[2025-04-09T07:22:49.538-0500] {processor.py:208} INFO - Processing /home/edwards/Documentos/university/etl/project_linux_repo/LinkedIn-Jobs-Posting/dags/task/dimensional_model.py took 0.500 seconds
[2025-04-09T07:23:22.274-0500] {processor.py:186} INFO - Started process (PID=50494) to work on /home/edwards/Documentos/university/etl/project_linux_repo/LinkedIn-Jobs-Posting/dags/task/dimensional_model.py
[2025-04-09T07:23:22.281-0500] {processor.py:914} INFO - Processing file /home/edwards/Documentos/university/etl/project_linux_repo/LinkedIn-Jobs-Posting/dags/task/dimensional_model.py for tasks to queue
[2025-04-09T07:23:22.283-0500] {logging_mixin.py:190} INFO - [2025-04-09T07:23:22.283-0500] {dagbag.py:588} INFO - Filling up the DagBag from /home/edwards/Documentos/university/etl/project_linux_repo/LinkedIn-Jobs-Posting/dags/task/dimensional_model.py
[2025-04-09T07:23:23.036-0500] {processor.py:927} WARNING - No viable dags retrieved from /home/edwards/Documentos/university/etl/project_linux_repo/LinkedIn-Jobs-Posting/dags/task/dimensional_model.py
[2025-04-09T07:23:23.053-0500] {processor.py:208} INFO - Processing /home/edwards/Documentos/university/etl/project_linux_repo/LinkedIn-Jobs-Posting/dags/task/dimensional_model.py took 0.786 seconds
[2025-04-09T07:24:24.607-0500] {processor.py:186} INFO - Started process (PID=51398) to work on /home/edwards/Documentos/university/etl/project_linux_repo/LinkedIn-Jobs-Posting/dags/task/dimensional_model.py
[2025-04-09T07:24:24.614-0500] {processor.py:914} INFO - Processing file /home/edwards/Documentos/university/etl/project_linux_repo/LinkedIn-Jobs-Posting/dags/task/dimensional_model.py for tasks to queue
[2025-04-09T07:24:24.616-0500] {logging_mixin.py:190} INFO - [2025-04-09T07:24:24.616-0500] {dagbag.py:588} INFO - Filling up the DagBag from /home/edwards/Documentos/university/etl/project_linux_repo/LinkedIn-Jobs-Posting/dags/task/dimensional_model.py
[2025-04-09T07:24:25.344-0500] {processor.py:927} WARNING - No viable dags retrieved from /home/edwards/Documentos/university/etl/project_linux_repo/LinkedIn-Jobs-Posting/dags/task/dimensional_model.py
[2025-04-09T07:24:25.357-0500] {processor.py:208} INFO - Processing /home/edwards/Documentos/university/etl/project_linux_repo/LinkedIn-Jobs-Posting/dags/task/dimensional_model.py took 0.761 seconds
[2025-04-09T07:24:56.012-0500] {processor.py:186} INFO - Started process (PID=51605) to work on /home/edwards/Documentos/university/etl/project_linux_repo/LinkedIn-Jobs-Posting/dags/task/dimensional_model.py
[2025-04-09T07:24:56.018-0500] {processor.py:914} INFO - Processing file /home/edwards/Documentos/university/etl/project_linux_repo/LinkedIn-Jobs-Posting/dags/task/dimensional_model.py for tasks to queue
[2025-04-09T07:24:56.021-0500] {logging_mixin.py:190} INFO - [2025-04-09T07:24:56.020-0500] {dagbag.py:588} INFO - Filling up the DagBag from /home/edwards/Documentos/university/etl/project_linux_repo/LinkedIn-Jobs-Posting/dags/task/dimensional_model.py
[2025-04-09T07:24:56.848-0500] {processor.py:927} WARNING - No viable dags retrieved from /home/edwards/Documentos/university/etl/project_linux_repo/LinkedIn-Jobs-Posting/dags/task/dimensional_model.py
[2025-04-09T07:24:56.898-0500] {processor.py:208} INFO - Processing /home/edwards/Documentos/university/etl/project_linux_repo/LinkedIn-Jobs-Posting/dags/task/dimensional_model.py took 0.892 seconds
